[nile-dark-blue.bitballoon.com/index.html]
[backblue.gif]
[fade.gif]
[index.html]
[nile-dark-blue.bitballoon.com/img/favicon.png]
[d33wubrfki0l68.cloudfront.net/css/eefc95b0cd360c1e76bac5284ae1506cfb4facdf/css/bootstrap.min.css]
[d33wubrfki0l68.cloudfront.net/css/f7c33166984ffaa7725eb2f045126d33c71e651b/css/magnific-popup.css]
[d33wubrfki0l68.cloudfront.net/css/b6fd60d18ef742ea5f6979df0cddb35791c4fbe5/css/animate.css]
[d33wubrfki0l68.cloudfront.net/bundles/d79eb085dd37237fb7f75315387b7bdb265c60e5.css]
[d33wubrfki0l68.cloudfront.net/css/7b5011204e29d714dd097831052af796ac9dcbda/css/style.css]
[d33wubrfki0l68.cloudfront.net/css/f08faf4bd2f63f731484664937c028cda3c06422/css/responsive.css]
[d33wubrfki0l68.cloudfront.net/js/68d38c58bf4e1a5a865e4032c5d832ea1a0aac43/js/modernizr-2.6.2.min.js]
[d33wubrfki0l68.cloudfront.net/b24359bca8659b3ca96fdec71db045c48d58d3dc/7e7fe/img/logo.png]
[d33wubrfki0l68.cloudfront.net/d476a5ef18132864ad130dd3e89ad2233f0cb714/f2df2/img/john-doe.jpg]
[d33wubrfki0l68.cloudfront.net/3f17b270a6b031d13a350f252bacd5485b5d8da1/4659d/img/portfolio/temp1.jpg]
[nile-dark-blue.bitballoon.com/img/portfolio/temp1.jpg]
[d33wubrfki0l68.cloudfront.net/69fa7946cee9c67b2db1ae6e480b04851ef045e5/87ecc/img/portfolio/temp2.jpg]
[nile-dark-blue.bitballoon.com/img/portfolio/temp2.jpg]
[d33wubrfki0l68.cloudfront.net/8d2a59d095cbf48b090f81833b86f6f917c016fb/2b35d/img/portfolio/temp3.jpg]
[nile-dark-blue.bitballoon.com/img/portfolio/temp3.jpg]
[d33wubrfki0l68.cloudfront.net/ea898b148317d3eea710719bc3810d682d67328c/87ced/img/portfolio/temp4.jpg]
[nile-dark-blue.bitballoon.com/img/portfolio/temp4.jpg]
[d33wubrfki0l68.cloudfront.net/996c7e280baeb1cbffafb41f3a28dd4480f17bc6/21d12/img/portfolio/temp5.jpg]
[nile-dark-blue.bitballoon.com/img/portfolio/temp5.jpg]
[d33wubrfki0l68.cloudfront.net/1b0a627e6ef98adc22b2adc78298aeaab92b1621/5ed03/img/portfolio/temp6.jpg]
[nile-dark-blue.bitballoon.com/img/portfolio/temp6.jpg]
[d33wubrfki0l68.cloudfront.net/43d58ea4c3d9a096fab0b9d8c75cf259e6b6303b/18a81/img/portfolio/temp7.jpg]
[nile-dark-blue.bitballoon.com/img/portfolio/temp7.jpg]
[d33wubrfki0l68.cloudfront.net/11801064883e8b0f42ca0db0c0065a60c24df326/8c969/img/portfolio/temp8.jpg]
[nile-dark-blue.bitballoon.com/img/portfolio/temp8.jpg]
[d33wubrfki0l68.cloudfront.net/8041c197bb078d65f4069b3cb9866e532e81ffc5/9f366/img/testimonial/01.jpg]
[d33wubrfki0l68.cloudfront.net/js/701d455cb182c3bfa788673d99591c94b68dd544/js/jquery-3.2.1.min.js]
[d33wubrfki0l68.cloudfront.net/js/377a79c183312179314900a9d6f6d4283291f676/js/vendor/bootstrap.min.js]
[d33wubrfki0l68.cloudfront.net/js/ca3a6dde21853aa2b89e4cdd1d622124c94e5489/js/img-hover.js]
[d33wubrfki0l68.cloudfront.net/js/9b5fff43ed3a0e1e35c78c67c79d06e8c3f889ff/js/anime.min.js]
[d33wubrfki0l68.cloudfront.net/bundles/cc565b3f54f5f30fd0d3fb0b1fc22ff2877bdbff.js]
[d33wubrfki0l68.cloudfront.net/js/0f84efd5b4c7949e783d4b5daf75e261b7c640a7/lib/imagesloaded/imagesloaded.pkgd.min.js]
[d33wubrfki0l68.cloudfront.net/js/172c6633bfddde8dc5f7ebf7cd6da94299312ad7/js/libs/isotope.pkgd.min.js]
[d33wubrfki0l68.cloudfront.net/js/fc7275f61682fa1ea733c2987b43c46eda377256/js/jquery.magnific-popup.min.js]
[d33wubrfki0l68.cloudfront.net/js/4c36aa2b768aa2f363b0239e29d5818a676ead00/assets/owl-carousel/js/owl.carousel.min.js]
[d33wubrfki0l68.cloudfront.net/js/aa77a638cc8d5f71e2dcae2d6a2863df9b6f0b38/js/easypiechart.js]
[d33wubrfki0l68.cloudfront.net/js/67dacbb92067d31e5f02d6bbe7135f5c107f8054/js/jquery.appear.js]
[d33wubrfki0l68.cloudfront.net/js/ed9a0696d3a78a2c6e5952692ac3b51eff6a2b4c/js/classie.js]
[d33wubrfki0l68.cloudfront.net/js/07d3f29bb69d96b9394aab91fd9802c308dd767a/js/custom.js]
[nile-dark-blue.bitballoon.com/index.html]
[d33wubrfki0l68.cloudfront.net/css/eefc95b0cd360c1e76bac5284ae1506cfb4facdf/css/bootstrap.min.css]
[d33wubrfki0l68.cloudfront.net/css/f7c33166984ffaa7725eb2f045126d33c71e651b/css/magnific-popup.css]
[d33wubrfki0l68.cloudfront.net/css/b6fd60d18ef742ea5f6979df0cddb35791c4fbe5/css/animate.css]
[d33wubrfki0l68.cloudfront.net/bundles/grabbing.png]
[d33wubrfki0l68.cloudfront.net/bundles/AjaxLoader.gif]
[d33wubrfki0l68.cloudfront.net/bundles/d79eb085dd37237fb7f75315387b7bdb265c60e5.css]
[d33wubrfki0l68.cloudfront.net/img/4828673cb1c39bc31066c90c9eb43a87c254c1e4/home-bg.jpg]
[d33wubrfki0l68.cloudfront.net/img/7c9a3890a094ff34e302116ff4f046ecf7a38f6d/contact-us.jpg]
[d33wubrfki0l68.cloudfront.net/css/7b5011204e29d714dd097831052af796ac9dcbda/css/style.css]
[d33wubrfki0l68.cloudfront.net/css/f08faf4bd2f63f731484664937c028cda3c06422/css/responsive.css]
[d33wubrfki0l68.cloudfront.net/bundles/grabbing.html]
[d33wubrfki0l68.cloudfront.net/bundles/AjaxLoader.html]
